<?xml version="1.0" encoding="UTF-8"?>
<testng-results ignored="0" total="2" passed="2" failed="0" skipped="0">
  <reporter-output>
    <line>
      <![CDATA[Setting up test data, config files and reports]]>
    </line>
    <line>
      <![CDATA[Setting Done! Test data, config files and reports are initialized]]>
    </line>
    <line>
      <![CDATA[Starting the browser and getting the Application ready]]>
    </line>
    <line>
      <![CDATA[Browser and application is Up and running]]>
    </line>
    <line>
      <![CDATA[Test is about to End]]>
    </line>
    <line>
      <![CDATA[Test execution is comppleted and reports generated]]>
    </line>
    <line>
      <![CDATA[Test is about to End]]>
    </line>
    <line>
      <![CDATA[Test execution is comppleted and reports generated]]>
    </line>
  </reporter-output>
  <suite started-at="2020-12-24T08:21:16Z" name="Suite" finished-at="2020-12-24T08:21:48Z" duration-ms="32710">
    <groups>
    </groups>
    <test started-at="2020-12-24T08:21:16Z" name="Test" finished-at="2020-12-24T08:21:48Z" duration-ms="32710">
      <class name="com.waptech.testcases.TC_01_Login">
        <test-method is-config="true" signature="setUpSuite()[pri:0, instance:com.waptech.testcases.TC_01_Login@510f3d34]" started-at="2020-12-24T13:51:15Z" name="setUpSuite" finished-at="2020-12-24T13:51:16Z" duration-ms="1086" status="PASS">
          <reporter-output>
            <line>
              <![CDATA[Setting up test data, config files and reports]]>
            </line>
            <line>
              <![CDATA[Setting Done! Test data, config files and reports are initialized]]>
            </line>
          </reporter-output>
        </test-method> <!-- setUpSuite -->
        <test-method is-config="true" signature="setUp()[pri:0, instance:com.waptech.testcases.TC_01_Login@510f3d34]" started-at="2020-12-24T13:51:16Z" name="setUp" finished-at="2020-12-24T13:51:25Z" duration-ms="9655" status="PASS">
          <reporter-output>
            <line>
              <![CDATA[Starting the browser and getting the Application ready]]>
            </line>
            <line>
              <![CDATA[Browser and application is Up and running]]>
            </line>
          </reporter-output>
        </test-method> <!-- setUp -->
        <test-method signature="login()[pri:0, instance:com.waptech.testcases.TC_01_Login@510f3d34]" started-at="2020-12-24T13:51:25Z" name="login" finished-at="2020-12-24T13:51:36Z" duration-ms="10377" status="PASS">
          <reporter-output>
          </reporter-output>
        </test-method> <!-- login -->
        <test-method is-config="true" signature="testExecutionStatus(org.testng.ITestResult)[pri:0, instance:com.waptech.testcases.TC_01_Login@510f3d34]" started-at="2020-12-24T13:51:36Z" name="testExecutionStatus" finished-at="2020-12-24T13:51:37Z" duration-ms="1060" status="PASS">
          <params>
            <param index="0">
              <value>
                <![CDATA[[TestResult name=login status=SUCCESS method=TC_01_Login.login()[pri:0, instance:com.waptech.testcases.TC_01_Login@510f3d34] output={null}]]]>
              </value>
            </param>
          </params>
          <reporter-output>
            <line>
              <![CDATA[Test is about to End]]>
            </line>
            <line>
              <![CDATA[Test execution is comppleted and reports generated]]>
            </line>
          </reporter-output>
        </test-method> <!-- testExecutionStatus -->
        <test-method signature="login2()[pri:0, instance:com.waptech.testcases.TC_01_Login@510f3d34]" started-at="2020-12-24T13:51:37Z" name="login2" finished-at="2020-12-24T13:51:47Z" duration-ms="10172" status="PASS">
          <reporter-output>
          </reporter-output>
        </test-method> <!-- login2 -->
        <test-method is-config="true" signature="testExecutionStatus(org.testng.ITestResult)[pri:0, instance:com.waptech.testcases.TC_01_Login@510f3d34]" started-at="2020-12-24T13:51:47Z" name="testExecutionStatus" finished-at="2020-12-24T13:51:48Z" duration-ms="705" status="PASS">
          <params>
            <param index="0">
              <value>
                <![CDATA[[TestResult name=login2 status=SUCCESS method=TC_01_Login.login2()[pri:0, instance:com.waptech.testcases.TC_01_Login@510f3d34] output={null}]]]>
              </value>
            </param>
          </params>
          <reporter-output>
            <line>
              <![CDATA[Test is about to End]]>
            </line>
            <line>
              <![CDATA[Test execution is comppleted and reports generated]]>
            </line>
          </reporter-output>
        </test-method> <!-- testExecutionStatus -->
        <test-method is-config="true" signature="tearDown()[pri:0, instance:com.waptech.testcases.TC_01_Login@510f3d34]" started-at="2020-12-24T13:51:48Z" name="tearDown" finished-at="2020-12-24T13:51:48Z" duration-ms="711" status="PASS">
          <reporter-output>
          </reporter-output>
        </test-method> <!-- tearDown -->
      </class> <!-- com.waptech.testcases.TC_01_Login -->
    </test> <!-- Test -->
  </suite> <!-- Suite -->
</testng-results>
