<?xml version="1.0" encoding="UTF-8"?>
<testng-results ignored="0" total="1" passed="1" failed="0" skipped="0">
  <reporter-output>
    <line>
      <![CDATA[Setting up test data, config files and reports]]>
    </line>
    <line>
      <![CDATA[Setting Done! Test data, config files and reports are initialized]]>
    </line>
    <line>
      <![CDATA[Starting the browser and getting the Application ready]]>
    </line>
    <line>
      <![CDATA[Browser and application is Up and running]]>
    </line>
    <line>
      <![CDATA[Test is about to End]]>
    </line>
    <line>
      <![CDATA[Test execution is comppleted and reports generated]]>
    </line>
  </reporter-output>
  <suite started-at="2020-12-25T19:02:08Z" name="Suite" finished-at="2020-12-25T19:02:51Z" duration-ms="42979">
    <groups>
    </groups>
    <test started-at="2020-12-25T19:02:08Z" name="Test" finished-at="2020-12-25T19:02:51Z" duration-ms="42979">
      <class name="com.waptech.testcases.TC_01_Login">
        <test-method is-config="true" signature="setUpSuite()[pri:0, instance:com.waptech.testcases.TC_01_Login@6ad82709]" started-at="2020-12-26T00:32:07Z" name="setUpSuite" finished-at="2020-12-26T00:32:08Z" duration-ms="1689" status="PASS">
          <reporter-output>
            <line>
              <![CDATA[Setting up test data, config files and reports]]>
            </line>
            <line>
              <![CDATA[Setting Done! Test data, config files and reports are initialized]]>
            </line>
          </reporter-output>
        </test-method> <!-- setUpSuite -->
        <test-method is-config="true" signature="setUp()[pri:0, instance:com.waptech.testcases.TC_01_Login@6ad82709]" started-at="2020-12-26T00:32:08Z" name="setUp" finished-at="2020-12-26T00:32:39Z" duration-ms="30588" status="PASS">
          <reporter-output>
            <line>
              <![CDATA[Starting the browser and getting the Application ready]]>
            </line>
            <line>
              <![CDATA[Browser and application is Up and running]]>
            </line>
          </reporter-output>
        </test-method> <!-- setUp -->
        <test-method signature="login()[pri:0, instance:com.waptech.testcases.TC_01_Login@6ad82709]" started-at="2020-12-26T00:32:39Z" name="login" finished-at="2020-12-26T00:32:49Z" duration-ms="10391" status="PASS">
          <reporter-output>
          </reporter-output>
        </test-method> <!-- login -->
        <test-method is-config="true" signature="testExecutionStatus(org.testng.ITestResult)[pri:0, instance:com.waptech.testcases.TC_01_Login@6ad82709]" started-at="2020-12-26T00:32:49Z" name="testExecutionStatus" finished-at="2020-12-26T00:32:51Z" duration-ms="1229" status="PASS">
          <params>
            <param index="0">
              <value>
                <![CDATA[[TestResult name=login status=SUCCESS method=TC_01_Login.login()[pri:0, instance:com.waptech.testcases.TC_01_Login@6ad82709] output={null}]]]>
              </value>
            </param>
          </params>
          <reporter-output>
            <line>
              <![CDATA[Test is about to End]]>
            </line>
            <line>
              <![CDATA[Test execution is comppleted and reports generated]]>
            </line>
          </reporter-output>
        </test-method> <!-- testExecutionStatus -->
        <test-method is-config="true" signature="tearDown()[pri:0, instance:com.waptech.testcases.TC_01_Login@6ad82709]" started-at="2020-12-26T00:32:51Z" name="tearDown" finished-at="2020-12-26T00:32:51Z" duration-ms="749" status="PASS">
          <reporter-output>
          </reporter-output>
        </test-method> <!-- tearDown -->
      </class> <!-- com.waptech.testcases.TC_01_Login -->
    </test> <!-- Test -->
  </suite> <!-- Suite -->
</testng-results>
